<?xml version="1.0" encoding="UTF-8"?>
<!-- Generated by org.testng.reporters.JUnitReportReporter -->
<testsuite hostname="DESKTOP-TVKB4F5" name="E2EProject.HomePage" tests="2" failures="0" timestamp="25 May 2021 19:44:16 GMT" time="22.660" errors="0">
  <testcase name="basePagenavigation" time="14.783" classname="E2EProject.HomePage"/>
  <testcase name="basePagenavigation" time="7.877" classname="E2EProject.HomePage"/>
</testsuite> <!-- E2EProject.HomePage -->
