<?xml version="1.0" encoding="UTF-8"?>
<!-- Generated by org.testng.reporters.JUnitReportReporter -->
<testsuite hostname="DESKTOP-TVKB4F5" name="E2EProject.validateNavigationPage" tests="1" failures="0" timestamp="25 May 2021 19:44:16 GMT" time="0.103" errors="0">
  <testcase name="validatebaseNavigationPage" time="0.103" classname="E2EProject.validateNavigationPage"/>
</testsuite> <!-- E2EProject.validateNavigationPage -->
