<?xml version="1.0" encoding="UTF-8"?>
<!-- Generated by org.testng.reporters.JUnitReportReporter -->
<testsuite hostname="DESKTOP-TVKB4F5" failures="0" tests="2" name="mvnDemo.uiTest" time="0.006" errors="0" timestamp="2021-05-10T22:33:09 IST" skipped="0">
  <testcase classname="mvnDemo.uiTest" name="UIAutomation" time="0.002"/>
  <system-out/>
  <testcase classname="mvnDemo.uiTest" name="WebpageAutomation" time="0.004"/>
  <system-out/>
</testsuite> <!-- mvnDemo.uiTest -->
