<?xml version="1.0" encoding="UTF-8"?>
<!-- Generated by org.testng.reporters.JUnitReportReporter -->
<testsuite hostname="DESKTOP-TVKB4F5" failures="0" tests="2" name="mvnDemo.seleniumTest" time="0.013" errors="0" timestamp="2021-05-10T22:33:09 IST" skipped="0">
  <testcase classname="mvnDemo.seleniumTest" name="BrowserAutomation" time="0.010"/>
  <system-out/>
  <testcase classname="mvnDemo.seleniumTest" name="WebAutomatiojn" time="0.003"/>
  <system-out/>
</testsuite> <!-- mvnDemo.seleniumTest -->
