<?xml version="1.0" encoding="UTF-8"?>
<!-- Generated by org.testng.reporters.JUnitReportReporter -->
<testsuite skipped="0" hostname="DESKTOP-TVKB4F5" name="mvnDemo.seleniumTest" tests="2" failures="0" timestamp="2021-05-10T22:35:04 IST" time="0.001" errors="0">
  <testcase name="BrowserAutomation" time="0.000" classname="mvnDemo.seleniumTest"/>
  <system-out/>
  <testcase name="WebAutomatiojn" time="0.001" classname="mvnDemo.seleniumTest"/>
  <system-out/>
</testsuite> <!-- mvnDemo.seleniumTest -->
