<?xml version="1.0" encoding="UTF-8"?>
<!-- Generated by org.testng.reporters.JUnitReportReporter -->
<testsuite skipped="0" hostname="DESKTOP-TVKB4F5" name="mvnDemo.uiTest" tests="2" failures="0" timestamp="2021-05-10T22:35:04 IST" time="0.005" errors="0">
  <testcase name="UIAutomation" time="0.005" classname="mvnDemo.uiTest"/>
  <system-out/>
  <testcase name="WebpageAutomation" time="0.000" classname="mvnDemo.uiTest"/>
  <system-out/>
</testsuite> <!-- mvnDemo.uiTest -->
