<?xml version="1.0" encoding="UTF-8"?>
<!-- Generated by org.testng.reporters.JUnitReportReporter -->
<testsuite hostname="DESKTOP-TVKB4F5" failures="0" tests="1" name="mvnLatest.initialDemo" time="9.151" errors="0" timestamp="2021-05-11T02:33:23 IST" skipped="0">
  <testcase classname="mvnLatest.initialDemo" name="initialprojectDemo" time="9.151"/>
  <system-out/>
</testsuite> <!-- mvnLatest.initialDemo -->
