<?xml version="1.0" encoding="UTF-8"?>
<!-- Generated by org.testng.reporters.JUnitReportReporter -->
<testsuite hostname="DESKTOP-TVKB4F5" failures="0" tests="1" name="E2EProject.validateText" time="8.855" errors="0" timestamp="17 May 2021 19:55:31 GMT">
  <testcase classname="E2EProject.validateText" name="basePagenavigation" time="8.855"/>
</testsuite> <!-- E2EProject.validateText -->
