<?xml version="1.0" encoding="UTF-8"?>
<!-- Generated by org.testng.reporters.JUnitReportReporter -->
<testsuite hostname="DESKTOP-TVKB4F5" failures="0" tests="1" name="E2EProject.validateNavigationPage" time="0.208" errors="0" timestamp="24 May 2021 19:35:43 GMT">
  <testcase classname="E2EProject.validateNavigationPage" name="validatebaseNavigationPage" time="0.208"/>
</testsuite> <!-- E2EProject.validateNavigationPage -->
