<?xml version="1.0" encoding="UTF-8"?>
<!-- Generated by org.testng.reporters.JUnitReportReporter -->
<testsuite hostname="DESKTOP-TVKB4F5" failures="0" tests="2" name="E2EProject.HomePage" time="26.538" errors="0" timestamp="24 May 2021 19:35:43 GMT">
  <testcase classname="E2EProject.HomePage" name="basePagenavigation" time="14.001"/>
  <testcase classname="E2EProject.HomePage" name="basePagenavigation" time="12.537"/>
</testsuite> <!-- E2EProject.HomePage -->
