<?xml version="1.0" encoding="UTF-8"?>
<!-- Generated by org.testng.reporters.JUnitReportReporter -->
<testsuite hostname="DESKTOP-TVKB4F5" failures="0" tests="3" name="test.test4" time="0.006" errors="0" timestamp="2021-05-07T01:22:33 IST" skipped="0">
  <testcase classname="test.test4" name="APILoginhomeloan" time="0.002"/>
  <system-out/>
  <testcase classname="test.test4" name="MobileLoginhomeloan" time="0.002"/>
  <system-out/>
  <testcase classname="test.test4" name="WebLoginhomeloan" time="0.002"/>
  <system-out/>
</testsuite> <!-- test.test4 -->
