<?xml version="1.0" encoding="UTF-8"?>
<!-- Generated by org.testng.reporters.JUnitReportReporter -->
<testsuite hostname="DESKTOP-TVKB4F5" failures="0" tests="5" name="test.test3" time="0.016" errors="0" timestamp="2021-05-07T01:22:33 IST" skipped="0">
  <testcase classname="test.test3" name="MobileLogincarloan" time="0.002"/>
  <system-out/>
  <testcase classname="test.test3" name="MobileSignincarloan" time="0.002"/>
  <system-out/>
  <testcase classname="test.test3" name="WebLogincarloan" time="0.009"/>
  <system-out/>
  <testcase classname="test.test3" name="MobileSignoutcarloan" time="0.001"/>
  <system-out/>
  <testcase classname="test.test3" name="APILogincarloan" time="0.002"/>
  <system-out/>
</testsuite> <!-- test.test3 -->
