<?xml version="1.0" encoding="UTF-8"?>
<!-- Generated by org.testng.reporters.JUnitReportReporter -->
<testsuite hostname="DESKTOP-TVKB4F5" failures="0" tests="1" name="test.test2" time="0.003" errors="0" timestamp="2021-05-07T01:22:33 IST" skipped="0">
  <testcase classname="test.test2" name="ploan" time="0.003"/>
  <system-out/>
</testsuite> <!-- test.test2 -->
