<?xml version="1.0" encoding="UTF-8"?>
<!-- Generated by org.testng.reporters.JUnitReportReporter -->
<testsuite hostname="DESKTOP-TVKB4F5" failures="0" tests="2" name="test.test1" time="0.008" errors="0" timestamp="2021-05-07T01:22:33 IST" skipped="0">
  <testcase classname="test.test1" name="testDemo1" time="0.006"/>
  <system-out/>
  <testcase classname="test.test1" name="testdemo2" time="0.002"/>
  <system-out/>
</testsuite> <!-- test.test1 -->
